<?xml version="1.0" encoding="UTF-8"?>
<testng-results skipped="0" failed="0" ignored="0" total="1" passed="1">
  <reporter-output>
  </reporter-output>
  <suite name="Default suite" duration-ms="4631" started-at="2019-08-29T18:40:14 BDT" finished-at="2019-08-29T18:40:19 BDT">
    <groups>
    </groups>
    <test name="Default test" duration-ms="4631" started-at="2019-08-29T18:40:14 BDT" finished-at="2019-08-29T18:40:19 BDT">
      <class name="testcases.Login">
        <test-method status="PASS" signature="initialize()[pri:0, instance:testcases.Login@6536e911]" name="initialize" is-config="true" duration-ms="4862" started-at="2019-08-29T18:40:09 BDT" finished-at="2019-08-29T18:40:14 BDT">
          <reporter-output>
          </reporter-output>
        </test-method> <!-- initialize -->
        <test-method status="PASS" signature="init()[pri:0, instance:testcases.Login@6536e911]" name="init" duration-ms="4602" started-at="2019-08-29T18:40:14 BDT" finished-at="2019-08-29T18:40:19 BDT">
          <reporter-output>
          </reporter-output>
        </test-method> <!-- init -->
        <test-method status="PASS" signature="close()[pri:0, instance:testcases.Login@6536e911]" name="close" is-config="true" duration-ms="705" started-at="2019-08-29T18:40:19 BDT" finished-at="2019-08-29T18:40:19 BDT">
          <reporter-output>
          </reporter-output>
        </test-method> <!-- close -->
      </class> <!-- testcases.Login -->
    </test> <!-- Default test -->
  </suite> <!-- Default suite -->
</testng-results>
